<?xml version="1.0" encoding="UTF-8"?>
<testng-results skipped="0" failed="0" ignored="0" total="1" passed="1">
  <reporter-output>
  </reporter-output>
  <suite name="Default suite" duration-ms="923" started-at="2019-06-02T07:27:45Z" finished-at="2019-06-02T07:27:46Z">
    <groups>
    </groups>
    <test name="Default test" duration-ms="923" started-at="2019-06-02T07:27:45Z" finished-at="2019-06-02T07:27:46Z">
      <class name="excelFile.com.ExcelFileWriting">
        <test-method status="PASS" signature="excel()[pri:0, instance:excelFile.com.ExcelFileWriting@61832929]" name="excel" duration-ms="861" started-at="2019-06-02T07:27:45Z" finished-at="2019-06-02T07:27:46Z">
          <reporter-output>
          </reporter-output>
        </test-method> <!-- excel -->
      </class> <!-- excelFile.com.ExcelFileWriting -->
    </test> <!-- Default test -->
  </suite> <!-- Default suite -->
</testng-results>
